0|Biography|The Story of the Kelly Gang	
0|Comedy|Um Cavalheiro Deveras Obsequioso	
0|Documentary|België	
0|Drama|El pastorcito de Torrente	
0|Music|Faust	
0|News|The Joe Gans-Battling Nelson Fight	
0|Romance|A Viúva Alegre	
1|Action|Beatrice Fairfax	
1|Adult|The Goat	
1|Adventure|The Dark Star	
1|Animation|The Evils of Alcohol	
1|Crime|Arsene Lupin	
1|Family|Little Women	
1|Fantasy|Lanka Dahan	
1|History|Intolerance: Love's Struggle Throughout the Ages	
1|Horror|J'accuse!	
1|Musical|Excelsior	
1|Short|Åh, i morron kväll	
1|Sport|1915 World's Championship Series	
1|Thriller|The Rogues of London	
